This file contains any messages produced by compilers while
running configure, to aid debugging if configure makes a mistake.

It was created by configure, which was
generated by GNU Autoconf 2.57.  Invocation command line was

  $ ./configure 

## --------- ##
## Platform. ##
## --------- ##

hostname = dogsbody
uname -m = x86_64
uname -r = 3.2.0-29-generic
uname -s = Linux
uname -v = #46-Ubuntu SMP Fri Jul 27 17:03:23 UTC 2012

/usr/bin/uname -p = unknown
/bin/uname -X     = unknown

/bin/arch              = unknown
/usr/bin/arch -k       = unknown
/usr/convex/getsysinfo = unknown
hostinfo               = unknown
/bin/machine           = unknown
/usr/bin/oslevel       = unknown
/bin/universe          = unknown

PATH: /home/nico/bin
PATH: /usr/lib/lightdm/lightdm
PATH: /usr/local/sbin
PATH: /usr/local/bin
PATH: /usr/sbin
PATH: /usr/bin
PATH: /sbin
PATH: /bin
PATH: /usr/games


## ----------- ##
## Core tests. ##
## ----------- ##

configure:1277: checking for a BSD-compatible install
configure:1331: result: /usr/bin/install -c
configure:1342: checking whether build environment is sane
configure:1385: result: yes
configure:1400: checking whether make sets $(MAKE)
configure:1420: result: yes
configure:1452: checking for working aclocal
configure:1463: result: missing
configure:1467: checking for working autoconf
configure:1478: result: missing
configure:1482: checking for working automake
configure:1493: result: missing
configure:1497: checking for working autoheader
configure:1508: result: missing
configure:1512: checking for working makeinfo
configure:1523: result: missing
configure:1580: checking for g++
configure:1596: found /usr/bin/g++
configure:1606: result: g++
configure:1622: checking for C++ compiler version
configure:1625: g++ --version </dev/null >&5
g++ (Ubuntu/Linaro 4.6.3-1ubuntu5) 4.6.3
Copyright (C) 2011 Free Software Foundation, Inc.
This is free software; see the source for copying conditions.  There is NO
warranty; not even for MERCHANTABILITY or FITNESS FOR A PARTICULAR PURPOSE.

configure:1628: $? = 0
configure:1630: g++ -v </dev/null >&5
Using built-in specs.
COLLECT_GCC=g++
COLLECT_LTO_WRAPPER=/usr/lib/gcc/x86_64-linux-gnu/4.6/lto-wrapper
Target: x86_64-linux-gnu
Configured with: ../src/configure -v --with-pkgversion='Ubuntu/Linaro 4.6.3-1ubuntu5' --with-bugurl=file:///usr/share/doc/gcc-4.6/README.Bugs --enable-languages=c,c++,fortran,objc,obj-c++ --prefix=/usr --program-suffix=-4.6 --enable-shared --enable-linker-build-id --with-system-zlib --libexecdir=/usr/lib --without-included-gettext --enable-threads=posix --with-gxx-include-dir=/usr/include/c++/4.6 --libdir=/usr/lib --enable-nls --with-sysroot=/ --enable-clocale=gnu --enable-libstdcxx-debug --enable-libstdcxx-time=yes --enable-gnu-unique-object --enable-plugin --enable-objc-gc --disable-werror --with-arch-32=i686 --with-tune=generic --enable-checking=release --build=x86_64-linux-gnu --host=x86_64-linux-gnu --target=x86_64-linux-gnu
Thread model: posix
gcc version 4.6.3 (Ubuntu/Linaro 4.6.3-1ubuntu5) 
configure:1633: $? = 0
configure:1635: g++ -V </dev/null >&5
g++: error: unrecognized option '-V'
g++: fatal error: no input files
compilation terminated.
configure:1638: $? = 4
configure:1662: checking for C++ compiler default output
configure:1665: g++    conftest.cc  >&5
configure:1668: $? = 0
configure:1714: result: a.out
configure:1719: checking whether the C++ compiler works
configure:1725: ./a.out
configure:1728: $? = 0
configure:1745: result: yes
configure:1752: checking whether we are cross compiling
configure:1754: result: no
configure:1757: checking for suffix of executables
configure:1759: g++ -o conftest    conftest.cc  >&5
configure:1762: $? = 0
configure:1787: result: 
configure:1793: checking for suffix of object files
configure:1815: g++ -c   conftest.cc >&5
configure:1818: $? = 0
configure:1840: result: o
configure:1844: checking whether we are using the GNU C++ compiler
configure:1869: g++ -c   conftest.cc >&5
configure:1872: $? = 0
configure:1875: test -s conftest.o
configure:1878: $? = 0
configure:1891: result: yes
configure:1897: checking whether g++ accepts -g
configure:1919: g++ -c -g  conftest.cc >&5
configure:1922: $? = 0
configure:1925: test -s conftest.o
configure:1928: $? = 0
configure:1939: result: yes
configure:1982: g++ -c -g -O2  conftest.cc >&5
configure:1985: $? = 0
configure:1988: test -s conftest.o
configure:1991: $? = 0
configure:2018: g++ -c -g -O2  conftest.cc >&5
configure: In function 'int main()':
configure:2015:9: error: 'exit' was not declared in this scope
configure:2021: $? = 1
configure: failed program was:
| #line 2001 "configure"
| /* confdefs.h.  */
| 
| #define PACKAGE_NAME ""
| #define PACKAGE_TARNAME ""
| #define PACKAGE_VERSION ""
| #define PACKAGE_STRING ""
| #define PACKAGE_BUGREPORT ""
| #define PACKAGE "emufxtool"
| #define VERSION "0.2"
| /* end confdefs.h.  */
| 
| int
| main ()
| {
| exit (42);
|   ;
|   return 0;
| }
configure:1982: g++ -c -g -O2  conftest.cc >&5
configure:1974:40: error: 'void std::exit(int)' should have been declared inside 'std'
configure:1985: $? = 1
configure: failed program was:
| #line 1964 "configure"
| /* confdefs.h.  */
| 
| #define PACKAGE_NAME ""
| #define PACKAGE_TARNAME ""
| #define PACKAGE_VERSION ""
| #define PACKAGE_STRING ""
| #define PACKAGE_BUGREPORT ""
| #define PACKAGE "emufxtool"
| #define VERSION "0.2"
| /* end confdefs.h.  */
| extern "C" void std::exit (int) throw (); using std::exit;
| #include <stdlib.h>
| int
| main ()
| {
| exit (42);
|   ;
|   return 0;
| }
configure:1982: g++ -c -g -O2  conftest.cc >&5
configure:1974:31: error: 'void std::exit(int)' should have been declared inside 'std'
In file included from configure:1975:0:
/usr/include/stdlib.h:544:70: error: declaration of 'void std::exit(int) throw ()' has a different exception specifier
configure:1974:17: error: from previous declaration 'void std::exit(int)'
configure:1985: $? = 1
configure: failed program was:
| #line 1964 "configure"
| /* confdefs.h.  */
| 
| #define PACKAGE_NAME ""
| #define PACKAGE_TARNAME ""
| #define PACKAGE_VERSION ""
| #define PACKAGE_STRING ""
| #define PACKAGE_BUGREPORT ""
| #define PACKAGE "emufxtool"
| #define VERSION "0.2"
| /* end confdefs.h.  */
| extern "C" void std::exit (int); using std::exit;
| #include <stdlib.h>
| int
| main ()
| {
| exit (42);
|   ;
|   return 0;
| }
configure:1982: g++ -c -g -O2  conftest.cc >&5
configure:1985: $? = 0
configure:1988: test -s conftest.o
configure:1991: $? = 0
configure:2018: g++ -c -g -O2  conftest.cc >&5
configure:2021: $? = 0
configure:2024: test -s conftest.o
configure:2027: $? = 0
configure:2062: checking for a BSD-compatible install
configure:2116: result: /usr/bin/install -c
configure:2173: checking for gcc
configure:2189: found /usr/bin/gcc
configure:2199: result: gcc
configure:2443: checking for C compiler version
configure:2446: gcc --version </dev/null >&5
gcc (Ubuntu/Linaro 4.6.3-1ubuntu5) 4.6.3
Copyright (C) 2011 Free Software Foundation, Inc.
This is free software; see the source for copying conditions.  There is NO
warranty; not even for MERCHANTABILITY or FITNESS FOR A PARTICULAR PURPOSE.

configure:2449: $? = 0
configure:2451: gcc -v </dev/null >&5
Using built-in specs.
COLLECT_GCC=gcc
COLLECT_LTO_WRAPPER=/usr/lib/gcc/x86_64-linux-gnu/4.6/lto-wrapper
Target: x86_64-linux-gnu
Configured with: ../src/configure -v --with-pkgversion='Ubuntu/Linaro 4.6.3-1ubuntu5' --with-bugurl=file:///usr/share/doc/gcc-4.6/README.Bugs --enable-languages=c,c++,fortran,objc,obj-c++ --prefix=/usr --program-suffix=-4.6 --enable-shared --enable-linker-build-id --with-system-zlib --libexecdir=/usr/lib --without-included-gettext --enable-threads=posix --with-gxx-include-dir=/usr/include/c++/4.6 --libdir=/usr/lib --enable-nls --with-sysroot=/ --enable-clocale=gnu --enable-libstdcxx-debug --enable-libstdcxx-time=yes --enable-gnu-unique-object --enable-plugin --enable-objc-gc --disable-werror --with-arch-32=i686 --with-tune=generic --enable-checking=release --build=x86_64-linux-gnu --host=x86_64-linux-gnu --target=x86_64-linux-gnu
Thread model: posix
gcc version 4.6.3 (Ubuntu/Linaro 4.6.3-1ubuntu5) 
configure:2454: $? = 0
configure:2456: gcc -V </dev/null >&5
gcc: error: unrecognized option '-V'
gcc: fatal error: no input files
compilation terminated.
configure:2459: $? = 4
configure:2462: checking whether we are using the GNU C compiler
configure:2487: gcc -c   conftest.c >&5
configure:2490: $? = 0
configure:2493: test -s conftest.o
configure:2496: $? = 0
configure:2509: result: yes
configure:2515: checking whether gcc accepts -g
configure:2537: gcc -c -g  conftest.c >&5
configure:2540: $? = 0
configure:2543: test -s conftest.o
configure:2546: $? = 0
configure:2557: result: yes
configure:2574: checking for gcc option to accept ANSI C
configure:2635: gcc  -c -g -O2  conftest.c >&5
configure:2638: $? = 0
configure:2641: test -s conftest.o
configure:2644: $? = 0
configure:2662: result: none needed
configure:2680: gcc -c -g -O2  conftest.c >&5
conftest.c:2:3: error: unknown type name 'choke'
conftest.c:2:3: error: expected '=', ',', ';', 'asm' or '__attribute__' at end of input
configure:2683: $? = 1
configure: failed program was:
| #ifndef __cplusplus
|   choke me
| #endif
configure:2823: checking for ALSA CFLAGS
configure:2829: result: 
configure:2832: checking for ALSA LDFLAGS
configure:2845: result:  -lasound -lm -ldl -lpthread
configure:2849: checking for libasound headers version >= 0.9.0
configure:2918: gcc -c -g -O2  conftest.c >&5
configure:2921: $? = 0
configure:2924: test -s conftest.o
configure:2927: $? = 0
configure:2929: result: found.
configure:2952: checking for snd_ctl_open in -lasound
configure:2983: gcc -o conftest -g -O2   conftest.c -lasound   -lasound -lm -ldl -lpthread  >&5
configure:2986: $? = 0
configure:2989: test -s conftest
configure:2992: $? = 0
configure:3004: result: yes
configure:3041: checking for kernel header files
configure:3057: result: "not specified"
configure:3066: checking for directory with ALSA kernel headers
configure:3093: result: "not specified - using C compilator defaults"
configure:3228: creating ./config.status

## ---------------------- ##
## Running config.status. ##
## ---------------------- ##

This file was extended by config.status, which was
generated by GNU Autoconf 2.57.  Invocation command line was

  CONFIG_FILES    = 
  CONFIG_HEADERS  = 
  CONFIG_LINKS    = 
  CONFIG_COMMANDS = 
  $ ./config.status 

on dogsbody

config.status:618: creating Makefile

## ---------------- ##
## Cache variables. ##
## ---------------- ##

ac_cv_c_compiler_gnu=yes
ac_cv_cxx_compiler_gnu=yes
ac_cv_env_CC_set=
ac_cv_env_CC_value=
ac_cv_env_CFLAGS_set=
ac_cv_env_CFLAGS_value=
ac_cv_env_CPPFLAGS_set=
ac_cv_env_CPPFLAGS_value=
ac_cv_env_CXXFLAGS_set=
ac_cv_env_CXXFLAGS_value=
ac_cv_env_CXX_set=
ac_cv_env_CXX_value=
ac_cv_env_LDFLAGS_set=
ac_cv_env_LDFLAGS_value=
ac_cv_env_build_alias_set=
ac_cv_env_build_alias_value=
ac_cv_env_host_alias_set=
ac_cv_env_host_alias_value=
ac_cv_env_target_alias_set=
ac_cv_env_target_alias_value=
ac_cv_exeext=
ac_cv_lib_asound_snd_ctl_open=yes
ac_cv_objext=o
ac_cv_path_install='/usr/bin/install -c'
ac_cv_prog_ac_ct_CC=gcc
ac_cv_prog_ac_ct_CXX=g++
ac_cv_prog_cc_g=yes
ac_cv_prog_cc_stdc=
ac_cv_prog_cxx_g=yes
ac_cv_prog_make_make_set=yes

## ----------------- ##
## Output variables. ##
## ----------------- ##

ACLOCAL='/home/nico/Projects/emufxtool/missing aclocal'
ALSA_CFLAGS=''
ALSA_LIBS=' -lasound -lm -ldl -lpthread'
AUTOCONF='/home/nico/Projects/emufxtool/missing autoconf'
AUTOHEADER='/home/nico/Projects/emufxtool/missing autoheader'
AUTOMAKE='/home/nico/Projects/emufxtool/missing automake'
CC='gcc'
CFLAGS='-g -O2 '
CPPFLAGS=''
CXX='g++'
CXXFLAGS='-g -O2'
DEFS='-DPACKAGE_NAME=\"\" -DPACKAGE_TARNAME=\"\" -DPACKAGE_VERSION=\"\" -DPACKAGE_STRING=\"\" -DPACKAGE_BUGREPORT=\"\" -DPACKAGE=\"emufxtool\" -DVERSION=\"0.2\" -DHAVE_LIBASOUND=1 '
ECHO_C=''
ECHO_N='-n'
ECHO_T=''
EXEEXT=''
INSTALL_DATA='${INSTALL} -m 644'
INSTALL_PROGRAM='${INSTALL}'
INSTALL_SCRIPT='${INSTALL}'
LDFLAGS='  -lasound -lm -ldl -lpthread'
LIBOBJS=''
LIBS='-lasound -lm -ldl -lpthread'
LTLIBOBJS=''
MAKEINFO='/home/nico/Projects/emufxtool/missing makeinfo'
OBJEXT='o'
PACKAGE='emufxtool'
PACKAGE_BUGREPORT=''
PACKAGE_NAME=''
PACKAGE_STRING=''
PACKAGE_TARNAME=''
PACKAGE_VERSION=''
PATH_SEPARATOR=':'
SET_MAKE=''
SHELL='/bin/bash'
VERSION='0.2'
ac_ct_CC='gcc'
ac_ct_CXX='g++'
bindir='${exec_prefix}/bin'
build_alias=''
datadir='${prefix}/share'
exec_prefix='${prefix}'
host_alias=''
includedir='${prefix}/include'
infodir='${prefix}/info'
libdir='${exec_prefix}/lib'
libexecdir='${exec_prefix}/libexec'
localstatedir='${prefix}/var'
mandir='${prefix}/man'
oldincludedir='/usr/include'
prefix='/usr/local'
program_transform_name='s,x,x,'
sbindir='${exec_prefix}/sbin'
sharedstatedir='${prefix}/com'
sysconfdir='${prefix}/etc'
target_alias=''

## ----------- ##
## confdefs.h. ##
## ----------- ##

#define HAVE_LIBASOUND 1
#define PACKAGE "emufxtool"
#define PACKAGE_BUGREPORT ""
#define PACKAGE_NAME ""
#define PACKAGE_STRING ""
#define PACKAGE_TARNAME ""
#define PACKAGE_VERSION ""
#define VERSION "0.2"
#endif
#ifdef __cplusplus
extern "C" void exit (int) throw ();

configure: exit 0
